
> grounded-gems@0.1.0 dev
> next dev

   ▲ Next.js 15.3.0
   - Local:        http://localhost:3000
   - Network:      http://192.168.1.208:3000
   - Environments: .env
   - Experiments (use with caution):
     · staleTimes
     ⨯ optimisticClientCache

 ✓ Starting...
 ✓ Ready in 960ms
 ✓ Compiled /api/posts/debug in 286ms (363 modules)
 GET /api/posts/debug 200 in 357ms
 ✓ Compiled /middleware in 86ms (109 modules)
 ○ Compiling /api/posts/[postId]/save ...
 ✓ Compiled /api/posts/[postId]/save in 1906ms (1661 modules)
 POST /api/posts/testpost/save 401 in 4742ms
 ✓ Compiled in 182ms (1382 modules)
 ✓ Compiled in 105ms (1382 modules)
 ✓ Compiled in 39ms
 ✓ Compiled /api/posts/debug in 78ms (84 modules)
 GET /api/posts/debug 200 in 106ms
 ✓ Compiled in 46ms (109 modules)
 ✓ Compiled in 25ms (109 modules)
 ✓ Compiled in 8ms
 ✓ Compiled in 95ms (388 modules)
